<?xml version="1.0" encoding="UTF-8"?>
<!-- Generated by org.testng.reporters.JUnitXMLReporter -->
<testsuite ignored="0" hostname="Pavilion" failures="0" tests="5" name="Test" time="61.278" errors="0" timestamp="2024-07-31T21:01:25 IST">
  <testcase classname="flipkart3.LogIn" name="logIn" time="31.691"/>
  <testcase classname="flipkart3.LogIn" name="chooseProduct" time="0.744"/>
  <testcase classname="flipkart3.LogIn" name="chooseVariant" time="10.65"/>
  <testcase classname="flipkart3.LogIn" name="payment" time="16.425"/>
  <testcase classname="flipkart3.LogIn" name="end" time="1.493"/>
</testsuite> <!-- Test -->
