<?xml version="1.0" encoding="UTF-8"?>
<!-- Generated by org.testng.reporters.JUnitXMLReporter -->
<testsuite ignored="0" hostname="Pavilion" failures="0" tests="5" name="Test" time="56.365" errors="0" timestamp="2024-07-29T14:15:34 IST">
  <testcase classname="flipkart3.LogIn" name="logIn" time="31.93"/>
  <testcase classname="flipkart3.LogIn" name="chooseProduct" time="0.486"/>
  <testcase classname="flipkart3.LogIn" name="chooseVariant" time="12.107"/>
  <testcase classname="flipkart3.LogIn" name="payment" time="10.145"/>
  <testcase classname="flipkart3.LogIn" name="end" time="1.483"/>
</testsuite> <!-- Test -->
