<?xml version="1.0" encoding="UTF-8"?>
<testng-results ignored="0" total="6" passed="5" failed="1" skipped="0">
  <reporter-output>
  </reporter-output>
  <suite started-at="2024-08-04T19:05:36 IST" name="Suite" finished-at="2024-08-04T19:08:39 IST" duration-ms="182485">
    <groups>
    </groups>
    <test started-at="2024-08-04T19:05:36 IST" name="Test" finished-at="2024-08-04T19:08:39 IST" duration-ms="182485">
      <class name="loginObj.Login">
        <test-method is-config="true" signature="enterUrl(java.lang.String)[pri:0, instance:loginObj.Login@7586beff]" started-at="2024-08-04T19:05:36 IST" name="enterUrl" finished-at="2024-08-04T19:06:27 IST" duration-ms="50737" status="PASS">
          <params>
            <param index="0">
              <value>
                <![CDATA[https://www.flipkart.com/]]>
              </value>
            </param>
          </params>
          <reporter-output>
          </reporter-output>
        </test-method> <!-- enterUrl -->
        <test-method is-config="true" signature="login()[pri:0, instance:loginObj.Login@7586beff]" started-at="2024-08-04T19:06:27 IST" name="login" finished-at="2024-08-04T19:06:33 IST" duration-ms="6222" status="PASS">
          <reporter-output>
          </reporter-output>
        </test-method> <!-- login -->
        <test-method signature="login_ValidUsingMobile(java.lang.String)[pri:1, instance:loginObj.Login@7586beff]" started-at="2024-08-04T19:06:33 IST" name="login_ValidUsingMobile" finished-at="2024-08-04T19:06:36 IST" duration-ms="2821" status="PASS">
          <params>
            <param index="0">
              <value>
                <![CDATA[9025462778]]>
              </value>
            </param>
          </params>
          <reporter-output>
          </reporter-output>
        </test-method> <!-- login_ValidUsingMobile -->
        <test-method is-config="true" signature="close()[pri:0, instance:loginObj.Login@7586beff]" started-at="2024-08-04T19:06:36 IST" name="close" finished-at="2024-08-04T19:06:37 IST" duration-ms="815" status="PASS">
          <reporter-output>
          </reporter-output>
        </test-method> <!-- close -->
        <test-method is-config="true" signature="enterUrl(java.lang.String)[pri:0, instance:loginObj.Login@7586beff]" started-at="2024-08-04T19:06:37 IST" name="enterUrl" finished-at="2024-08-04T19:07:02 IST" duration-ms="25230" status="PASS">
          <params>
            <param index="0">
              <value>
                <![CDATA[https://www.flipkart.com/]]>
              </value>
            </param>
          </params>
          <reporter-output>
          </reporter-output>
        </test-method> <!-- enterUrl -->
        <test-method is-config="true" signature="login()[pri:0, instance:loginObj.Login@7586beff]" started-at="2024-08-04T19:07:02 IST" name="login" finished-at="2024-08-04T19:07:05 IST" duration-ms="2224" status="PASS">
          <reporter-output>
          </reporter-output>
        </test-method> <!-- login -->
        <test-method signature="login_ValidUsingEmail(java.lang.String)[pri:2, instance:loginObj.Login@7586beff]" started-at="2024-08-04T19:07:05 IST" name="login_ValidUsingEmail" finished-at="2024-08-04T19:07:11 IST" duration-ms="6657" status="FAIL">
          <params>
            <param index="0">
              <value>
                <![CDATA[mahanatarajan99@gmail.com]]>
              </value>
            </param>
          </params>
          <exception class="org.openqa.selenium.NoSuchElementException">
            <message>
              <![CDATA[no such element: Unable to locate element: {"method":"xpath","selector":"//*[contains(text(),'enter the OTP')]"}
  (Session info: chrome=127.0.6533.89)
For documentation on this error, please visit: https://www.selenium.dev/documentation/webdriver/troubleshooting/errors#no-such-element-exception
Build info: version: '4.21.0', revision: '79ed462ef4'
System info: os.name: 'Windows 10', os.arch: 'amd64', os.version: '10.0', java.version: '21.0.3'
Driver info: org.openqa.selenium.chrome.ChromeDriver
Command: [f5f001f13d2edad519f0e38cecc1d213, findElement {value=//*[contains(text(),'enter the OTP')], using=xpath}]
Capabilities {acceptInsecureCerts: false, browserName: chrome, browserVersion: 127.0.6533.89, chrome: {chromedriverVersion: 127.0.6533.88 (a2d0cb026721..., userDataDir: C:\Users\user\AppData\Local...}, fedcm:accounts: true, goog:chromeOptions: {debuggerAddress: localhost:63999}, networkConnectionEnabled: false, pageLoadStrategy: normal, platformName: windows, proxy: Proxy(), se:cdp: ws://localhost:63999/devtoo..., se:cdpVersion: 127.0.6533.89, setWindowRect: true, strictFileInteractability: false, timeouts: {implicit: 0, pageLoad: 300000, script: 30000}, unhandledPromptBehavior: dismiss and notify, webauthn:extension:credBlob: true, webauthn:extension:largeBlob: true, webauthn:extension:minPinLength: true, webauthn:extension:prf: true, webauthn:virtualAuthenticators: true}
Session ID: f5f001f13d2edad519f0e38cecc1d213]]>
            </message>
            <full-stacktrace>
              <![CDATA[org.openqa.selenium.NoSuchElementException: no such element: Unable to locate element: {"method":"xpath","selector":"//*[contains(text(),'enter the OTP')]"}
  (Session info: chrome=127.0.6533.89)
For documentation on this error, please visit: https://www.selenium.dev/documentation/webdriver/troubleshooting/errors#no-such-element-exception
Build info: version: '4.21.0', revision: '79ed462ef4'
System info: os.name: 'Windows 10', os.arch: 'amd64', os.version: '10.0', java.version: '21.0.3'
Driver info: org.openqa.selenium.chrome.ChromeDriver
Command: [f5f001f13d2edad519f0e38cecc1d213, findElement {value=//*[contains(text(),'enter the OTP')], using=xpath}]
Capabilities {acceptInsecureCerts: false, browserName: chrome, browserVersion: 127.0.6533.89, chrome: {chromedriverVersion: 127.0.6533.88 (a2d0cb026721..., userDataDir: C:\Users\user\AppData\Local...}, fedcm:accounts: true, goog:chromeOptions: {debuggerAddress: localhost:63999}, networkConnectionEnabled: false, pageLoadStrategy: normal, platformName: windows, proxy: Proxy(), se:cdp: ws://localhost:63999/devtoo..., se:cdpVersion: 127.0.6533.89, setWindowRect: true, strictFileInteractability: false, timeouts: {implicit: 0, pageLoad: 300000, script: 30000}, unhandledPromptBehavior: dismiss and notify, webauthn:extension:credBlob: true, webauthn:extension:largeBlob: true, webauthn:extension:minPinLength: true, webauthn:extension:prf: true, webauthn:virtualAuthenticators: true}
Session ID: f5f001f13d2edad519f0e38cecc1d213
at java.base/jdk.internal.reflect.DirectConstructorHandleAccessor.newInstance(DirectConstructorHandleAccessor.java:62)
at java.base/java.lang.reflect.Constructor.newInstanceWithCaller(Constructor.java:502)
at java.base/java.lang.reflect.Constructor.newInstance(Constructor.java:486)
at org.openqa.selenium.remote.ErrorCodec.decode(ErrorCodec.java:167)
at org.openqa.selenium.remote.codec.w3c.W3CHttpResponseCodec.decode(W3CHttpResponseCodec.java:138)
at org.openqa.selenium.remote.codec.w3c.W3CHttpResponseCodec.decode(W3CHttpResponseCodec.java:50)
at org.openqa.selenium.remote.HttpCommandExecutor.execute(HttpCommandExecutor.java:190)
at org.openqa.selenium.remote.service.DriverCommandExecutor.invokeExecute(DriverCommandExecutor.java:216)
at org.openqa.selenium.remote.service.DriverCommandExecutor.execute(DriverCommandExecutor.java:174)
at org.openqa.selenium.remote.RemoteWebDriver.execute(RemoteWebDriver.java:518)
at org.openqa.selenium.remote.ElementLocation$ElementFinder$2.findElement(ElementLocation.java:165)
at org.openqa.selenium.remote.ElementLocation.findElement(ElementLocation.java:59)
at org.openqa.selenium.remote.RemoteWebDriver.findElement(RemoteWebDriver.java:355)
at org.openqa.selenium.remote.RemoteWebDriver.findElement(RemoteWebDriver.java:349)
at org.openqa.selenium.support.pagefactory.DefaultElementLocator.findElement(DefaultElementLocator.java:68)
at org.openqa.selenium.support.pagefactory.internal.LocatingElementHandler.invoke(LocatingElementHandler.java:38)
at jdk.proxy2/jdk.proxy2.$Proxy13.getText(Unknown Source)
at loginObj.Login.login_ValidUsingEmail(Login.java:79)
at java.base/jdk.internal.reflect.DirectMethodHandleAccessor.invoke(DirectMethodHandleAccessor.java:103)
at java.base/java.lang.reflect.Method.invoke(Method.java:580)
at org.testng.internal.invokers.MethodInvocationHelper.invokeMethod(MethodInvocationHelper.java:141)
at org.testng.internal.invokers.TestInvoker.invokeMethod(TestInvoker.java:686)
at org.testng.internal.invokers.TestInvoker.invokeTestMethod(TestInvoker.java:230)
at org.testng.internal.invokers.MethodRunner.runInSequence(MethodRunner.java:63)
at org.testng.internal.invokers.TestInvoker$MethodInvocationAgent.invoke(TestInvoker.java:992)
at org.testng.internal.invokers.TestInvoker.invokeTestMethods(TestInvoker.java:203)
at org.testng.internal.invokers.TestMethodWorker.invokeTestMethods(TestMethodWorker.java:154)
at org.testng.internal.invokers.TestMethodWorker.run(TestMethodWorker.java:134)
at java.base/java.util.ArrayList.forEach(ArrayList.java:1596)
at org.testng.TestRunner.privateRun(TestRunner.java:739)
at org.testng.TestRunner.run(TestRunner.java:614)
at org.testng.SuiteRunner.runTest(SuiteRunner.java:421)
at org.testng.SuiteRunner.runSequentially(SuiteRunner.java:413)
at org.testng.SuiteRunner.privateRun(SuiteRunner.java:373)
at org.testng.SuiteRunner.run(SuiteRunner.java:312)
at org.testng.SuiteRunnerWorker.runSuite(SuiteRunnerWorker.java:52)
at org.testng.SuiteRunnerWorker.run(SuiteRunnerWorker.java:95)
at org.testng.TestNG.runSuitesSequentially(TestNG.java:1274)
at org.testng.TestNG.runSuitesLocally(TestNG.java:1208)
at org.testng.TestNG.runSuites(TestNG.java:1112)
at org.testng.TestNG.run(TestNG.java:1079)
at org.testng.remote.AbstractRemoteTestNG.run(AbstractRemoteTestNG.java:115)
at org.testng.remote.RemoteTestNG.initAndRun(RemoteTestNG.java:293)
at org.testng.remote.RemoteTestNG.main(RemoteTestNG.java:91)
]]>
            </full-stacktrace>
          </exception> <!-- org.openqa.selenium.NoSuchElementException -->
          <reporter-output>
          </reporter-output>
        </test-method> <!-- login_ValidUsingEmail -->
        <test-method is-config="true" signature="close()[pri:0, instance:loginObj.Login@7586beff]" started-at="2024-08-04T19:07:11 IST" name="close" finished-at="2024-08-04T19:07:12 IST" duration-ms="607" status="PASS">
          <reporter-output>
          </reporter-output>
        </test-method> <!-- close -->
        <test-method is-config="true" signature="enterUrl(java.lang.String)[pri:0, instance:loginObj.Login@7586beff]" started-at="2024-08-04T19:07:12 IST" name="enterUrl" finished-at="2024-08-04T19:07:24 IST" duration-ms="12194" status="PASS">
          <params>
            <param index="0">
              <value>
                <![CDATA[https://www.flipkart.com/]]>
              </value>
            </param>
          </params>
          <reporter-output>
          </reporter-output>
        </test-method> <!-- enterUrl -->
        <test-method is-config="true" signature="login()[pri:0, instance:loginObj.Login@7586beff]" started-at="2024-08-04T19:07:24 IST" name="login" finished-at="2024-08-04T19:07:27 IST" duration-ms="2560" status="PASS">
          <reporter-output>
          </reporter-output>
        </test-method> <!-- login -->
        <test-method signature="login_InvalidUsingEmail(java.lang.String)[pri:3, instance:loginObj.Login@7586beff]" started-at="2024-08-04T19:07:27 IST" name="login_InvalidUsingEmail" finished-at="2024-08-04T19:07:28 IST" duration-ms="1516" status="PASS">
          <params>
            <param index="0">
              <value>
                <![CDATA[avcg123@qw]]>
              </value>
            </param>
          </params>
          <reporter-output>
          </reporter-output>
        </test-method> <!-- login_InvalidUsingEmail -->
        <test-method is-config="true" signature="close()[pri:0, instance:loginObj.Login@7586beff]" started-at="2024-08-04T19:07:28 IST" name="close" finished-at="2024-08-04T19:07:28 IST" duration-ms="390" status="PASS">
          <reporter-output>
          </reporter-output>
        </test-method> <!-- close -->
        <test-method is-config="true" signature="enterUrl(java.lang.String)[pri:0, instance:loginObj.Login@7586beff]" started-at="2024-08-04T19:07:29 IST" name="enterUrl" finished-at="2024-08-04T19:07:42 IST" duration-ms="13088" status="PASS">
          <params>
            <param index="0">
              <value>
                <![CDATA[https://www.flipkart.com/]]>
              </value>
            </param>
          </params>
          <reporter-output>
          </reporter-output>
        </test-method> <!-- enterUrl -->
        <test-method is-config="true" signature="login()[pri:0, instance:loginObj.Login@7586beff]" started-at="2024-08-04T19:07:42 IST" name="login" finished-at="2024-08-04T19:07:45 IST" duration-ms="3118" status="PASS">
          <reporter-output>
          </reporter-output>
        </test-method> <!-- login -->
        <test-method signature="login_noOtp(java.lang.String)[pri:4, instance:loginObj.Login@7586beff]" started-at="2024-08-04T19:07:45 IST" name="login_noOtp" finished-at="2024-08-04T19:07:59 IST" duration-ms="14358" status="PASS">
          <params>
            <param index="0">
              <value>
                <![CDATA[9025462778]]>
              </value>
            </param>
          </params>
          <reporter-output>
          </reporter-output>
        </test-method> <!-- login_noOtp -->
        <test-method is-config="true" signature="close()[pri:0, instance:loginObj.Login@7586beff]" started-at="2024-08-04T19:07:59 IST" name="close" finished-at="2024-08-04T19:08:00 IST" duration-ms="795" status="PASS">
          <reporter-output>
          </reporter-output>
        </test-method> <!-- close -->
        <test-method is-config="true" signature="enterUrl(java.lang.String)[pri:0, instance:loginObj.Login@7586beff]" started-at="2024-08-04T19:08:00 IST" name="enterUrl" finished-at="2024-08-04T19:08:17 IST" duration-ms="16661" status="PASS">
          <params>
            <param index="0">
              <value>
                <![CDATA[https://www.flipkart.com/]]>
              </value>
            </param>
          </params>
          <reporter-output>
          </reporter-output>
        </test-method> <!-- enterUrl -->
        <test-method is-config="true" signature="login()[pri:0, instance:loginObj.Login@7586beff]" started-at="2024-08-04T19:08:17 IST" name="login" finished-at="2024-08-04T19:08:19 IST" duration-ms="2769" status="PASS">
          <reporter-output>
          </reporter-output>
        </test-method> <!-- login -->
        <test-method signature="loginWithoutRegEmail(java.lang.String)[pri:5, instance:loginObj.Login@7586beff]" started-at="2024-08-04T19:08:19 IST" name="loginWithoutRegEmail" finished-at="2024-08-04T19:08:22 IST" duration-ms="3062" status="PASS">
          <params>
            <param index="0">
              <value>
                <![CDATA[suryarainaa3@gmail.com]]>
              </value>
            </param>
          </params>
          <reporter-output>
          </reporter-output>
        </test-method> <!-- loginWithoutRegEmail -->
        <test-method is-config="true" signature="close()[pri:0, instance:loginObj.Login@7586beff]" started-at="2024-08-04T19:08:22 IST" name="close" finished-at="2024-08-04T19:08:23 IST" duration-ms="430" status="PASS">
          <reporter-output>
          </reporter-output>
        </test-method> <!-- close -->
        <test-method is-config="true" signature="enterUrl(java.lang.String)[pri:0, instance:loginObj.Login@7586beff]" started-at="2024-08-04T19:08:23 IST" name="enterUrl" finished-at="2024-08-04T19:08:35 IST" duration-ms="12665" status="PASS">
          <params>
            <param index="0">
              <value>
                <![CDATA[https://www.flipkart.com/]]>
              </value>
            </param>
          </params>
          <reporter-output>
          </reporter-output>
        </test-method> <!-- enterUrl -->
        <test-method is-config="true" signature="login()[pri:0, instance:loginObj.Login@7586beff]" started-at="2024-08-04T19:08:35 IST" name="login" finished-at="2024-08-04T19:08:37 IST" duration-ms="1898" status="PASS">
          <reporter-output>
          </reporter-output>
        </test-method> <!-- login -->
        <test-method signature="loginWithoutRegMob(java.lang.String)[pri:6, instance:loginObj.Login@7586beff]" started-at="2024-08-04T19:08:37 IST" name="loginWithoutRegMob" finished-at="2024-08-04T19:08:39 IST" duration-ms="1150" status="PASS">
          <params>
            <param index="0">
              <value>
                <![CDATA[8122965265]]>
              </value>
            </param>
          </params>
          <reporter-output>
          </reporter-output>
        </test-method> <!-- loginWithoutRegMob -->
        <test-method is-config="true" signature="close()[pri:0, instance:loginObj.Login@7586beff]" started-at="2024-08-04T19:08:39 IST" name="close" finished-at="2024-08-04T19:08:39 IST" duration-ms="328" status="PASS">
          <reporter-output>
          </reporter-output>
        </test-method> <!-- close -->
      </class> <!-- loginObj.Login -->
    </test> <!-- Test -->
  </suite> <!-- Suite -->
</testng-results>
